PLINK v1.9.0-b.7.7 64-bit (22 Oct 2024)
Options in effect:
  --file ../1-zapusk/1-zapusk
  --make-bed
  --out ../1-zapusk/1-zapusk_binary

Hostname: maxat-HP-ZBook-15v-G5
Working directory: /home/esp/data_analyze/14.04.2025/data/plink_1.9
Start time: Mon Apr 14 23:43:41 2025

Random number seed: 1744656221
15846 MB RAM detected; reserving 7923 MB for main workspace.
Scanning .ped file... done.
Performing single-pass .bed write (253702 variants, 96 people).
--file: ../1-zapusk/1-zapusk_binary-temporary.bed +
../1-zapusk/1-zapusk_binary-temporary.bim +
../1-zapusk/1-zapusk_binary-temporary.fam written.
253702 variants loaded from .bim file.
96 people (32 males, 63 females, 1 ambiguous) loaded from .fam.
Ambiguous sex ID written to ../1-zapusk/1-zapusk_binary.nosex .
Using 1 thread (no multithreaded calculations invoked).
Before main variant filters, 96 founders and 0 nonfounders present.
Calculating allele frequencies... done.
Warning: 1028 het. haploid genotypes present (see
../1-zapusk/1-zapusk_binary.hh ); many commands treat these as missing.
Warning: Nonmissing nonmale Y chromosome genotype(s) present; many commands
treat these as missing.
Total genotyping rate is 0.996789.
253702 variants and 96 people pass filters and QC.
Note: No phenotypes present.
--make-bed to ../1-zapusk/1-zapusk_binary.bed + ../1-zapusk/1-zapusk_binary.bim
+ ../1-zapusk/1-zapusk_binary.fam ... done.

End time: Mon Apr 14 23:43:42 2025
