PLINK v1.9.0-b.7.7 64-bit (22 Oct 2024)
Options in effect:
  --file ../3.2-zapusk/13 sample
  --make-bed
  --out ../3.2-zapusk/13-sample_binary

Hostname: maxat-HP-ZBook-15v-G5
Working directory: /home/esp/data_analyze/14.04.2025/data/plink_1.9
Start time: Mon Apr 14 23:43:44 2025

Random number seed: 1744656224
15846 MB RAM detected; reserving 7923 MB for main workspace.
Scanning .ped file... done.
Performing single-pass .bed write (253702 variants, 24 people).
--file: ../3.2-zapusk/13-sample_binary-temporary.bed +
../3.2-zapusk/13-sample_binary-temporary.bim +
../3.2-zapusk/13-sample_binary-temporary.fam written.
253702 variants loaded from .bim file.
24 people (1 male, 12 females, 11 ambiguous) loaded from .fam.
Ambiguous sex IDs written to ../3.2-zapusk/13-sample_binary.nosex .
Using 1 thread (no multithreaded calculations invoked).
Before main variant filters, 24 founders and 0 nonfounders present.
Calculating allele frequencies... done.
Warning: 35 het. haploid genotypes present (see
../3.2-zapusk/13-sample_binary.hh ); many commands treat these as missing.
Warning: Nonmissing nonmale Y chromosome genotype(s) present; many commands
treat these as missing.
Total genotyping rate is 0.711838.
253702 variants and 24 people pass filters and QC.
Note: No phenotypes present.
--make-bed to ../3.2-zapusk/13-sample_binary.bed +
../3.2-zapusk/13-sample_binary.bim + ../3.2-zapusk/13-sample_binary.fam ...
done.

End time: Mon Apr 14 23:43:44 2025
