PLINK v2.0.0-a.6.10LM AVX2 Intel (11 Apr 2025)
Options in effect:
  --glm allow-no-covars
  --out /home/esp/data_analyze/01.06.2025_v2/code/../data/output/first_step/gwas_results
  --pfile /home/esp/data_analyze/01.06.2025_v2/code/../data/output/first_step/merged_all
  --pheno /home/esp/data_analyze/01.06.2025_v2/code/../data/init/merged_all.phenotype
  --pheno-name PHENO

Hostname: maxat-HP-ZBook-15v-G5
Working directory: /home/esp/data_analyze/01.06.2025_v2/code
Start time: Wed Jun  4 01:09:05 2025

Random number seed: 1748981345
15846 MiB RAM detected, ~6804 available; reserving 6740 MiB for main workspace.
Using up to 12 threads (change this with --threads).
288 samples (199 females, 75 males, 14 ambiguous; 288 founders) loaded from
/home/esp/data_analyze/01.06.2025_v2/code/../data/output/first_step/merged_all.psam.
253702 variants loaded from
/home/esp/data_analyze/01.06.2025_v2/code/../data/output/first_step/merged_all.pvar.
1 binary phenotype loaded (142 cases, 146 controls).
Calculating allele frequencies... done.
--glm logistic-Firth hybrid regression on phenotype 'PHENO': done.
Results written to /home/esp/data_analyze/01.06.2025_v2/code/../data/output/first_step/gwas_results.PHENO.glm.logistic.hybrid .

End time: Wed Jun  4 01:09:06 2025
